<?xml version="1.0" encoding="UTF-8"?>
<testng-results ignored="0" total="5" passed="4" failed="1" skipped="0">
  <reporter-output>
  </reporter-output>
  <suite started-at="2022-02-10T22:56:34 EST" name="Default suite" finished-at="2022-02-10T22:56:37 EST" duration-ms="2990">
    <groups>
    </groups>
    <test started-at="2022-02-10T22:56:34 EST" name="Default test" finished-at="2022-02-10T22:56:37 EST" duration-ms="2990">
      <class name="com.xyz.MavenTest1.Test1">
        <test-method signature="Test1()[pri:0, instance:com.xyz.MavenTest1.Test1@7714e963]" started-at="2022-02-10T22:56:34 EST" name="Test1" finished-at="2022-02-10T22:56:34 EST" duration-ms="15" status="PASS">
          <reporter-output>
          </reporter-output>
        </test-method> <!-- Test1 -->
        <test-method signature="Test2()[pri:0, instance:com.xyz.MavenTest1.Test1@7714e963]" started-at="2022-02-10T22:56:34 EST" name="Test2" finished-at="2022-02-10T22:56:37 EST" duration-ms="2905" status="PASS">
          <reporter-output>
          </reporter-output>
        </test-method> <!-- Test2 -->
        <test-method signature="Test3()[pri:0, instance:com.xyz.MavenTest1.Test1@7714e963]" started-at="2022-02-10T22:56:37 EST" name="Test3" finished-at="2022-02-10T22:56:37 EST" duration-ms="3" status="FAIL">
          <exception class="java.lang.Error">
            <message>
              <![CDATA[Unresolved compilation problem: 
Syntax error on token ".", Identifier expected after this token
]]>
            </message>
            <full-stacktrace>
              <![CDATA[java.lang.Error: Unresolved compilation problem: 
Syntax error on token ".", Identifier expected after this token

at com.xyz.MavenTest1.Test1.Test3(Test1.java:32)
at java.base/jdk.internal.reflect.NativeMethodAccessorImpl.invoke0(Native Method)
at java.base/jdk.internal.reflect.NativeMethodAccessorImpl.invoke(NativeMethodAccessorImpl.java:78)
at java.base/jdk.internal.reflect.DelegatingMethodAccessorImpl.invoke(DelegatingMethodAccessorImpl.java:43)
at java.base/java.lang.reflect.Method.invoke(Method.java:567)
at org.testng.internal.invokers.MethodInvocationHelper.invokeMethod(MethodInvocationHelper.java:135)
at org.testng.internal.invokers.TestInvoker.invokeMethod(TestInvoker.java:673)
at org.testng.internal.invokers.TestInvoker.invokeTestMethod(TestInvoker.java:220)
at org.testng.internal.invokers.MethodRunner.runInSequence(MethodRunner.java:50)
at org.testng.internal.invokers.TestInvoker$MethodInvocationAgent.invoke(TestInvoker.java:945)
at org.testng.internal.invokers.TestInvoker.invokeTestMethods(TestInvoker.java:193)
at org.testng.internal.invokers.TestMethodWorker.invokeTestMethods(TestMethodWorker.java:146)
at org.testng.internal.invokers.TestMethodWorker.run(TestMethodWorker.java:128)
at java.base/java.util.ArrayList.forEach(ArrayList.java:1511)
at org.testng.TestRunner.privateRun(TestRunner.java:808)
at org.testng.TestRunner.run(TestRunner.java:603)
at org.testng.SuiteRunner.runTest(SuiteRunner.java:429)
at org.testng.SuiteRunner.runSequentially(SuiteRunner.java:423)
at org.testng.SuiteRunner.privateRun(SuiteRunner.java:383)
at org.testng.SuiteRunner.run(SuiteRunner.java:326)
at org.testng.SuiteRunnerWorker.runSuite(SuiteRunnerWorker.java:52)
at org.testng.SuiteRunnerWorker.run(SuiteRunnerWorker.java:95)
at org.testng.TestNG.runSuitesSequentially(TestNG.java:1249)
at org.testng.TestNG.runSuitesLocally(TestNG.java:1169)
at org.testng.TestNG.runSuites(TestNG.java:1092)
at org.testng.TestNG.run(TestNG.java:1060)
at org.testng.remote.AbstractRemoteTestNG.run(AbstractRemoteTestNG.java:115)
at org.testng.remote.RemoteTestNG.initAndRun(RemoteTestNG.java:251)
at org.testng.remote.RemoteTestNG.main(RemoteTestNG.java:77)
]]>
            </full-stacktrace>
          </exception> <!-- java.lang.Error -->
          <reporter-output>
          </reporter-output>
        </test-method> <!-- Test3 -->
        <test-method signature="Test4()[pri:0, instance:com.xyz.MavenTest1.Test1@7714e963]" started-at="2022-02-10T22:56:37 EST" name="Test4" finished-at="2022-02-10T22:56:37 EST" duration-ms="1" status="PASS">
          <reporter-output>
          </reporter-output>
        </test-method> <!-- Test4 -->
        <test-method signature="Test5()[pri:0, instance:com.xyz.MavenTest1.Test1@7714e963]" started-at="2022-02-10T22:56:37 EST" name="Test5" finished-at="2022-02-10T22:56:37 EST" duration-ms="1" status="PASS">
          <reporter-output>
          </reporter-output>
        </test-method> <!-- Test5 -->
      </class> <!-- com.xyz.MavenTest1.Test1 -->
    </test> <!-- Default test -->
  </suite> <!-- Default suite -->
</testng-results>
